The system is: Linux - 2.6.24.3-12.fc8 - i686
Determining if the C compiler is GNU succeeded with the following output:
# 1 "/usr/share/cmake/Modules/CMakeTestGNU.c"
# 1 "<built-in>"
# 1 "<command line>"
# 1 "/usr/share/cmake/Modules/CMakeTestGNU.c"

void THIS_IS_GNU();

Determining if the C++ compiler is GNU succeeded with the following output:
# 1 "/usr/share/cmake/Modules/CMakeTestGNU.c"
# 1 "<built-in>"
# 1 "<command line>"
# 1 "/usr/share/cmake/Modules/CMakeTestGNU.c"

void THIS_IS_GNU();

Determining if the C compiler works passed with the following output:
/usr/bin/gmake -f CMakeFiles/cmTryCompileExec.dir/build.make CMakeFiles/cmTryCompileExec.dir/build
gmake[1]: Entering directory `/home/liksys/projects/lightlang/converter/makedict-0.3.1-beta1-Source/CMakeFiles/CMakeTmp'
/usr/bin/cmake -E cmake_progress_report /home/liksys/projects/lightlang/converter/makedict-0.3.1-beta1-Source/CMakeFiles/CMakeTmp/CMakeFiles 1
Building C object CMakeFiles/cmTryCompileExec.dir/testCCompiler.o
/usr/lib/ccache/gcc   -o CMakeFiles/cmTryCompileExec.dir/testCCompiler.o   -c /home/liksys/projects/lightlang/converter/makedict-0.3.1-beta1-Source/CMakeFiles/CMakeTmp/testCCompiler.c
Linking C executable cmTryCompileExec
/usr/bin/cmake -P CMakeFiles/cmTryCompileExec.dir/cmake_clean_target.cmake
/usr/lib/ccache/gcc        -fPIC "CMakeFiles/cmTryCompileExec.dir/testCCompiler.o"   -o cmTryCompileExec -rdynamic 
gmake[1]: Leaving directory `/home/liksys/projects/lightlang/converter/makedict-0.3.1-beta1-Source/CMakeFiles/CMakeTmp'


Determining size of void* passed with the following output:
/usr/bin/gmake -f CMakeFiles/cmTryCompileExec.dir/build.make CMakeFiles/cmTryCompileExec.dir/build
gmake[1]: Entering directory `/home/liksys/projects/lightlang/converter/makedict-0.3.1-beta1-Source/CMakeFiles/CMakeTmp'
/usr/bin/cmake -E cmake_progress_report /home/liksys/projects/lightlang/converter/makedict-0.3.1-beta1-Source/CMakeFiles/CMakeTmp/CMakeFiles 1
Building C object CMakeFiles/cmTryCompileExec.dir/CheckTypeSize.o
/usr/lib/ccache/gcc   -o CMakeFiles/cmTryCompileExec.dir/CheckTypeSize.o   -c /home/liksys/projects/lightlang/converter/makedict-0.3.1-beta1-Source/CMakeFiles/CMakeTmp/CheckTypeSize.c
Linking C executable cmTryCompileExec
/usr/bin/cmake -P CMakeFiles/cmTryCompileExec.dir/cmake_clean_target.cmake
/usr/lib/ccache/gcc        -fPIC "CMakeFiles/cmTryCompileExec.dir/CheckTypeSize.o"   -o cmTryCompileExec -rdynamic 
gmake[1]: Leaving directory `/home/liksys/projects/lightlang/converter/makedict-0.3.1-beta1-Source/CMakeFiles/CMakeTmp'


Determining if the CXX compiler works passed with the following output:
/usr/bin/gmake -f CMakeFiles/cmTryCompileExec.dir/build.make CMakeFiles/cmTryCompileExec.dir/build
gmake[1]: Entering directory `/home/liksys/projects/lightlang/converter/makedict-0.3.1-beta1-Source/CMakeFiles/CMakeTmp'
/usr/bin/cmake -E cmake_progress_report /home/liksys/projects/lightlang/converter/makedict-0.3.1-beta1-Source/CMakeFiles/CMakeTmp/CMakeFiles 1
Building CXX object CMakeFiles/cmTryCompileExec.dir/testCXXCompiler.o
/usr/lib/ccache/c++    -o CMakeFiles/cmTryCompileExec.dir/testCXXCompiler.o -c /home/liksys/projects/lightlang/converter/makedict-0.3.1-beta1-Source/CMakeFiles/CMakeTmp/testCXXCompiler.cxx
Linking CXX executable cmTryCompileExec
/usr/bin/cmake -P CMakeFiles/cmTryCompileExec.dir/cmake_clean_target.cmake
/usr/lib/ccache/c++         -fPIC "CMakeFiles/cmTryCompileExec.dir/testCXXCompiler.o"   -o cmTryCompileExec -rdynamic 
gmake[1]: Leaving directory `/home/liksys/projects/lightlang/converter/makedict-0.3.1-beta1-Source/CMakeFiles/CMakeTmp'


Determining if the function mmap exists passed with the following output:
/usr/bin/gmake -f CMakeFiles/cmTryCompileExec.dir/build.make CMakeFiles/cmTryCompileExec.dir/build
gmake[1]: Entering directory `/home/liksys/projects/lightlang/converter/makedict-0.3.1-beta1-Source/CMakeFiles/CMakeTmp'
/usr/bin/cmake -E cmake_progress_report /home/liksys/projects/lightlang/converter/makedict-0.3.1-beta1-Source/CMakeFiles/CMakeTmp/CMakeFiles 1
Building C object CMakeFiles/cmTryCompileExec.dir/CheckFunctionExists.o
/usr/lib/ccache/gcc  -DCHECK_FUNCTION_EXISTS=mmap   -o CMakeFiles/cmTryCompileExec.dir/CheckFunctionExists.o   -c /usr/share/cmake/Modules/CheckFunctionExists.c
Linking C executable cmTryCompileExec
/usr/bin/cmake -P CMakeFiles/cmTryCompileExec.dir/cmake_clean_target.cmake
/usr/lib/ccache/gcc      -DCHECK_FUNCTION_EXISTS=mmap  -fPIC "CMakeFiles/cmTryCompileExec.dir/CheckFunctionExists.o"   -o cmTryCompileExec -rdynamic 
gmake[1]: Leaving directory `/home/liksys/projects/lightlang/converter/makedict-0.3.1-beta1-Source/CMakeFiles/CMakeTmp'


